TN:
SF:build\index.js
FN:5,main
FNF:1
FNH:0
FNDA:0,main
DA:3,0
DA:4,0
DA:6,0
DA:7,0
DA:8,0
DA:11,0
DA:12,0
DA:15,0
LF:8
LH:0
BRF:0
BRH:0
end_of_record
TN:
SF:build\server.js
FN:18,(anonymous_0)
FN:44,(anonymous_1)
FN:46,(anonymous_2)
FN:52,(anonymous_3)
FN:76,(anonymous_4)
FN:78,(anonymous_5)
FN:84,(anonymous_6)
FN:93,(anonymous_7)
FN:95,(anonymous_8)
FN:97,(anonymous_9)
FN:105,(anonymous_10)
FN:127,(anonymous_11)
FN:128,(anonymous_12)
FN:132,(anonymous_13)
FN:146,(anonymous_14)
FN:157,(anonymous_15)
FN:191,(anonymous_16)
FN:204,(anonymous_17)
FN:215,(anonymous_18)
FN:243,(anonymous_19)
FN:249,(anonymous_20)
FN:254,(anonymous_21)
FN:259,(anonymous_22)
FN:265,(anonymous_23)
FN:316,(anonymous_24)
FN:455,(anonymous_25)
FN:559,(anonymous_26)
FN:560,(anonymous_27)
FN:562,(anonymous_28)
FN:565,(anonymous_29)
FN:571,(anonymous_30)
FN:577,(anonymous_31)
FNF:32
FNH:0
FNDA:0,(anonymous_0)
FNDA:0,(anonymous_1)
FNDA:0,(anonymous_2)
FNDA:0,(anonymous_3)
FNDA:0,(anonymous_4)
FNDA:0,(anonymous_5)
FNDA:0,(anonymous_6)
FNDA:0,(anonymous_7)
FNDA:0,(anonymous_8)
FNDA:0,(anonymous_9)
FNDA:0,(anonymous_10)
FNDA:0,(anonymous_11)
FNDA:0,(anonymous_12)
FNDA:0,(anonymous_13)
FNDA:0,(anonymous_14)
FNDA:0,(anonymous_15)
FNDA:0,(anonymous_16)
FNDA:0,(anonymous_17)
FNDA:0,(anonymous_18)
FNDA:0,(anonymous_19)
FNDA:0,(anonymous_20)
FNDA:0,(anonymous_21)
FNDA:0,(anonymous_22)
FNDA:0,(anonymous_23)
FNDA:0,(anonymous_24)
FNDA:0,(anonymous_25)
FNDA:0,(anonymous_26)
FNDA:0,(anonymous_27)
FNDA:0,(anonymous_28)
FNDA:0,(anonymous_29)
FNDA:0,(anonymous_30)
FNDA:0,(anonymous_31)
DA:2,0
DA:3,0
DA:4,0
DA:5,0
DA:6,0
DA:7,0
DA:8,0
DA:9,0
DA:10,0
DA:11,0
DA:12,0
DA:15,0
DA:20,0
DA:21,0
DA:22,0
DA:23,0
DA:24,0
DA:35,0
DA:39,0
DA:40,0
DA:41,0
DA:42,0
DA:46,0
DA:47,0
DA:52,0
DA:53,0
DA:54,0
DA:55,0
DA:57,0
DA:59,0
DA:61,0
DA:63,0
DA:65,0
DA:69,0
DA:70,0
DA:72,0
DA:78,0
DA:79,0
DA:84,0
DA:85,0
DA:86,0
DA:87,0
DA:88,0
DA:90,0
DA:95,0
DA:97,0
DA:102,0
DA:105,0
DA:106,0
DA:108,0
DA:109,0
DA:110,0
DA:112,0
DA:113,0
DA:114,0
DA:115,0
DA:116,0
DA:118,0
DA:128,0
DA:129,0
DA:133,0
DA:135,0
DA:136,0
DA:138,0
DA:139,0
DA:146,0
DA:158,0
DA:159,0
DA:160,0
DA:162,0
DA:163,0
DA:164,0
DA:166,0
DA:168,0
DA:169,0
DA:170,0
DA:171,0
DA:173,0
DA:192,0
DA:193,0
DA:194,0
DA:196,0
DA:197,0
DA:204,0
DA:216,0
DA:217,0
DA:218,0
DA:220,0
DA:221,0
DA:222,0
DA:224,0
DA:225,0
DA:245,0
DA:247,0
DA:249,0
DA:250,0
DA:251,0
DA:254,0
DA:255,0
DA:256,0
DA:257,0
DA:259,0
DA:260,0
DA:261,0
DA:262,0
DA:266,0
DA:267,0
DA:268,0
DA:271,0
DA:272,0
DA:275,0
DA:276,0
DA:279,0
DA:280,0
DA:281,0
DA:282,0
DA:283,0
DA:284,0
DA:286,0
DA:287,0
DA:288,0
DA:289,0
DA:290,0
DA:292,0
DA:295,0
DA:296,0
DA:297,0
DA:306,0
DA:307,0
DA:311,0
DA:312,0
DA:313,0
DA:317,0
DA:319,0
DA:320,0
DA:321,0
DA:322,0
DA:323,0
DA:324,0
DA:326,0
DA:328,0
DA:330,0
DA:331,0
DA:333,0
DA:334,0
DA:337,0
DA:338,0
DA:341,0
DA:342,0
DA:346,0
DA:347,0
DA:348,0
DA:352,0
DA:354,0
DA:355,0
DA:359,0
DA:364,0
DA:366,0
DA:367,0
DA:369,0
DA:373,0
DA:388,0
DA:390,0
DA:392,0
DA:393,0
DA:394,0
DA:398,0
DA:403,0
DA:405,0
DA:407,0
DA:408,0
DA:409,0
DA:413,0
DA:418,0
DA:420,0
DA:422,0
DA:423,0
DA:424,0
DA:425,0
DA:426,0
DA:430,0
DA:438,0
DA:439,0
DA:441,0
DA:445,0
DA:450,0
DA:452,0
DA:454,0
DA:455,0
DA:460,0
DA:464,0
DA:469,0
DA:471,0
DA:473,0
DA:474,0
DA:475,0
DA:476,0
DA:477,0
DA:481,0
DA:489,0
DA:490,0
DA:492,0
DA:493,0
DA:494,0
DA:495,0
DA:496,0
DA:500,0
DA:508,0
DA:509,0
DA:511,0
DA:515,0
DA:526,0
DA:530,0
DA:531,0
DA:535,0
DA:543,0
DA:547,0
DA:548,0
DA:549,0
DA:560,0
DA:561,0
DA:562,0
DA:563,0
DA:565,0
DA:566,0
DA:568,0
DA:573,0
DA:575,0
DA:577,0
DA:578,0
DA:579,0
DA:582,0
DA:583,0
DA:586,0
LF:234
LH:0
BRDA:55,0,0,0
BRDA:55,0,1,0
BRDA:55,0,2,0
BRDA:55,0,3,0
BRDA:55,0,4,0
BRDA:69,1,0,0
BRDA:69,1,1,0
BRDA:87,2,0,0
BRDA:87,2,1,0
BRDA:109,3,0,0
BRDA:109,3,1,0
BRDA:115,4,0,0
BRDA:115,4,1,0
BRDA:115,5,0,0
BRDA:115,5,1,0
BRDA:133,6,0,0
BRDA:133,6,1,0
BRDA:135,7,0,0
BRDA:135,7,1,0
BRDA:159,8,0,0
BRDA:159,8,1,0
BRDA:163,9,0,0
BRDA:163,9,1,0
BRDA:166,10,0,0
BRDA:166,10,1,0
BRDA:168,11,0,0
BRDA:168,11,1,0
BRDA:193,12,0,0
BRDA:193,12,1,0
BRDA:217,13,0,0
BRDA:217,13,1,0
BRDA:221,14,0,0
BRDA:221,14,1,0
BRDA:237,15,0,0
BRDA:237,15,1,0
BRDA:267,16,0,0
BRDA:267,16,1,0
BRDA:271,17,0,0
BRDA:271,17,1,0
BRDA:271,18,0,0
BRDA:271,18,1,0
BRDA:275,19,0,0
BRDA:275,19,1,0
BRDA:275,20,0,0
BRDA:275,20,1,0
BRDA:279,21,0,0
BRDA:279,21,1,0
BRDA:279,22,0,0
BRDA:279,22,1,0
BRDA:281,23,0,0
BRDA:281,23,1,0
BRDA:287,24,0,0
BRDA:287,24,1,0
BRDA:295,25,0,0
BRDA:295,25,1,0
BRDA:295,26,0,0
BRDA:295,26,1,0
BRDA:326,27,0,0
BRDA:326,27,1,0
BRDA:326,28,0,0
BRDA:326,28,1,0
BRDA:330,29,0,0
BRDA:330,29,1,0
BRDA:337,30,0,0
BRDA:337,30,1,0
BRDA:352,31,0,0
BRDA:352,31,1,0
BRDA:366,32,0,0
BRDA:366,32,1,0
BRDA:390,33,0,0
BRDA:390,33,1,0
BRDA:405,34,0,0
BRDA:405,34,1,0
BRDA:420,35,0,0
BRDA:420,35,1,0
BRDA:425,36,0,0
BRDA:425,36,1,0
BRDA:452,37,0,0
BRDA:452,37,1,0
BRDA:471,38,0,0
BRDA:471,38,1,0
BRDA:476,39,0,0
BRDA:476,39,1,0
BRDA:495,40,0,0
BRDA:495,40,1,0
BRDA:495,41,0,0
BRDA:495,41,1,0
BRF:87
BRH:0
end_of_record
TN:
SF:build\tools.js
FNF:0
FNH:0
DA:2,0
DA:3,0
DA:4,0
DA:19,0
DA:37,0
DA:51,0
DA:74,0
LF:7
LH:0
BRF:0
BRH:0
end_of_record
TN:
SF:build\prompts\index.js
FN:2,(anonymous_0)
FN:6,(anonymous_1)
FN:9,(anonymous_2)
FN:13,(anonymous_3)
FN:15,(anonymous_4)
FN:18,(anonymous_5)
FN:19,(anonymous_6)
FN:20,(anonymous_7)
FN:27,(anonymous_8)
FN:44,(anonymous_9)
FN:47,(anonymous_10)
FN:50,(anonymous_11)
FN:58,(anonymous_12)
FN:87,(anonymous_13)
FN:98,(anonymous_14)
FN:115,(anonymous_15)
FN:127,(anonymous_16)
FN:134,(anonymous_17)
FN:135,(anonymous_18)
FN:141,(anonymous_19)
FN:146,(anonymous_20)
FN:149,(anonymous_21)
FN:153,(anonymous_22)
FN:155,(anonymous_23)
FN:156,(anonymous_24)
FN:158,(anonymous_25)
FN:161,(anonymous_26)
FN:163,(anonymous_27)
FN:167,(anonymous_28)
FN:185,(anonymous_29)
FN:186,(anonymous_30)
FN:189,(anonymous_31)
FN:190,(anonymous_32)
FN:202,(anonymous_33)
FNF:34
FNH:0
FNDA:0,(anonymous_0)
FNDA:0,(anonymous_1)
FNDA:0,(anonymous_2)
FNDA:0,(anonymous_3)
FNDA:0,(anonymous_4)
FNDA:0,(anonymous_5)
FNDA:0,(anonymous_6)
FNDA:0,(anonymous_7)
FNDA:0,(anonymous_8)
FNDA:0,(anonymous_9)
FNDA:0,(anonymous_10)
FNDA:0,(anonymous_11)
FNDA:0,(anonymous_12)
FNDA:0,(anonymous_13)
FNDA:0,(anonymous_14)
FNDA:0,(anonymous_15)
FNDA:0,(anonymous_16)
FNDA:0,(anonymous_17)
FNDA:0,(anonymous_18)
FNDA:0,(anonymous_19)
FNDA:0,(anonymous_20)
FNDA:0,(anonymous_21)
FNDA:0,(anonymous_22)
FNDA:0,(anonymous_23)
FNDA:0,(anonymous_24)
FNDA:0,(anonymous_25)
FNDA:0,(anonymous_26)
FNDA:0,(anonymous_27)
FNDA:0,(anonymous_28)
FNDA:0,(anonymous_29)
FNDA:0,(anonymous_30)
FNDA:0,(anonymous_31)
FNDA:0,(anonymous_32)
FNDA:0,(anonymous_33)
DA:2,0
DA:3,0
DA:4,0
DA:5,0
DA:6,0
DA:8,0
DA:10,0
DA:11,0
DA:13,0
DA:14,0
DA:16,0
DA:18,0
DA:19,0
DA:20,0
DA:21,0
DA:22,0
DA:23,0
DA:25,0
DA:27,0
DA:28,0
DA:29,0
DA:30,0
DA:31,0
DA:32,0
DA:35,0
DA:36,0
DA:37,0
DA:38,0
DA:39,0
DA:41,0
DA:42,0
DA:45,0
DA:48,0
DA:51,0
DA:52,0
DA:53,0
DA:54,0
DA:56,0
DA:59,0
DA:60,0
DA:61,0
DA:71,0
DA:72,0
DA:73,0
DA:74,0
DA:75,0
DA:76,0
DA:77,0
DA:84,0
DA:85,0
DA:87,0
DA:88,0
DA:89,0
DA:91,0
DA:95,0
DA:99,0
DA:100,0
DA:101,0
DA:102,0
DA:111,0
DA:113,0
DA:116,0
DA:117,0
DA:118,0
DA:119,0
DA:121,0
DA:122,0
DA:123,0
DA:125,0
DA:128,0
DA:129,0
DA:131,0
DA:132,0
DA:135,0
DA:136,0
DA:137,0
DA:139,0
DA:142,0
DA:143,0
DA:144,0
DA:147,0
DA:150,0
DA:151,0
DA:153,0
DA:156,0
DA:159,0
DA:162,0
DA:163,0
DA:168,0
DA:169,0
DA:170,0
DA:172,0
DA:173,0
DA:174,0
DA:175,0
DA:176,0
DA:178,0
DA:179,0
DA:180,0
DA:183,0
DA:186,0
DA:187,0
DA:190,0
DA:203,0
DA:204,0
DA:205,0
DA:207,0
DA:208,0
DA:209,0
DA:212,0
DA:213,0
DA:214,0
DA:215,0
DA:219,0
DA:233,0
DA:234,0
LF:116
LH:0
BRDA:2,0,0,0
BRDA:2,0,1,0
BRDA:2,0,2,0
BRDA:2,1,0,0
BRDA:2,1,1,0
BRDA:3,2,0,0
BRDA:3,2,1,0
BRDA:5,3,0,0
BRDA:5,3,1,0
BRDA:5,4,0,0
BRDA:5,4,1,0
BRDA:5,5,0,0
BRDA:5,5,1,0
BRDA:5,6,0,0
BRDA:5,6,1,0
BRDA:10,7,0,0
BRDA:10,7,1,0
BRDA:13,8,0,0
BRDA:13,8,1,0
BRDA:13,8,2,0
BRDA:13,9,0,0
BRDA:13,9,1,0
BRDA:18,10,0,0
BRDA:18,10,1,0
BRDA:18,10,2,0
BRDA:20,11,0,0
BRDA:20,11,1,0
BRDA:22,12,0,0
BRDA:22,12,1,0
BRDA:28,13,0,0
BRDA:28,13,1,0
BRDA:28,14,0,0
BRDA:28,14,1,0
BRDA:30,15,0,0
BRDA:30,15,1,0
BRDA:30,16,0,0
BRDA:30,16,1,0
BRDA:45,17,0,0
BRDA:45,17,1,0
BRDA:53,18,0,0
BRDA:53,18,1,0
BRDA:88,19,0,0
BRDA:88,19,1,0
BRDA:100,20,0,0
BRDA:100,20,1,0
BRDA:111,21,0,0
BRDA:111,21,1,0
BRDA:118,22,0,0
BRDA:118,22,1,0
BRDA:122,23,0,0
BRDA:122,23,1,0
BRDA:135,24,0,0
BRDA:135,24,1,0
BRDA:136,25,0,0
BRDA:136,25,1,0
BRDA:150,26,0,0
BRDA:150,26,1,0
BRDA:163,27,0,0
BRDA:163,27,1,0
BRDA:163,27,2,0
BRDA:169,28,0,0
BRDA:169,28,1,0
BRDA:173,29,0,0
BRDA:173,29,1,0
BRDA:178,30,0,0
BRDA:178,30,1,0
BRDA:204,31,0,0
BRDA:204,31,1,0
BRDA:208,32,0,0
BRDA:208,32,1,0
BRDA:213,33,0,0
BRDA:213,33,1,0
BRF:72
BRH:0
end_of_record
